[32m2023-06-23 12:40:27 +0530[0m - dagster - [34mDEBUG[0m - hackernews_job - a876fbaa-3ef1-4871-a144-56e044e82876 - 10078 - LOGS_CAPTURED - Started capturing logs in process (pid: 10078).
[32m2023-06-23 12:40:27 +0530[0m - dagster - [34mDEBUG[0m - hackernews_job - a876fbaa-3ef1-4871-a144-56e044e82876 - 10078 - most_frequent_words - STEP_START - Started execution of step "most_frequent_words".
[32m2023-06-23 12:40:27 +0530[0m - dagster - [34mDEBUG[0m - hackernews_job - a876fbaa-3ef1-4871-a144-56e044e82876 - most_frequent_words - Loading file from: data/topstories
[32m2023-06-23 12:40:27 +0530[0m - dagster - [34mDEBUG[0m - hackernews_job - a876fbaa-3ef1-4871-a144-56e044e82876 - 10078 - most_frequent_words - ASSET_OBSERVATION - DagsterEventType.ASSET_OBSERVATION for step most_frequent_words
[32m2023-06-23 12:40:27 +0530[0m - dagster - [34mDEBUG[0m - hackernews_job - a876fbaa-3ef1-4871-a144-56e044e82876 - 10078 - most_frequent_words - LOADED_INPUT - Loaded input "topstories" using input manager "io_manager", from output "result" of step "topstories"
[32m2023-06-23 12:40:27 +0530[0m - dagster - [34mDEBUG[0m - hackernews_job - a876fbaa-3ef1-4871-a144-56e044e82876 - 10078 - most_frequent_words - STEP_INPUT - Got input "topstories" of type "Any". (Type check passed).
[32m2023-06-23 12:40:27 +0530[0m - dagster - [34mERROR[0m - [31mhackernews_job - a876fbaa-3ef1-4871-a144-56e044e82876 - 10078 - most_frequent_words - STEP_FAILURE - Execution of step "most_frequent_words" failed.

dagster._core.errors.DagsterExecutionStepExecutionError: Error occurred while executing op "most_frequent_words"::

FileNotFoundError: [Errno 2] No such file or directory: 'data/stopwords.csv'

Stack Trace:
  File "/home/mansi-bhatt/dagster/venv/lib/python3.11/site-packages/dagster/_core/execution/plan/utils.py", line 54, in op_execution_error_boundary
    yield
  File "/home/mansi-bhatt/dagster/venv/lib/python3.11/site-packages/dagster/_utils/__init__.py", line 445, in iterate_with_context
    next_output = next(iterator)
                  ^^^^^^^^^^^^^^
  File "/home/mansi-bhatt/dagster/venv/lib/python3.11/site-packages/dagster/_core/execution/plan/compute_generator.py", line 124, in _coerce_op_compute_fn_to_iterator
    result = invoke_compute_fn(
             ^^^^^^^^^^^^^^^^^^
  File "/home/mansi-bhatt/dagster/venv/lib/python3.11/site-packages/dagster/_core/execution/plan/compute_generator.py", line 118, in invoke_compute_fn
    return fn(context, **args_to_pass) if context_arg_provided else fn(**args_to_pass)
                                                                    ^^^^^^^^^^^^^^^^^^
  File "/home/mansi-bhatt/dagster/tutorial-project/tutorial_project/assets.py", line 55, in most_frequent_words
    with open("data/stopwords.csv", "r") as f:
         ^^^^^^^^^^^^^^^^^^^^^^^^^^^^^^^
[0m
